<?xml version="1.0" encoding="UTF-8"?>
<testsuite name="MyTest" tests="1" skipped="0" failures="0" errors="0" timestamp="2023-03-06T09:40:58" hostname="5I5J-HANYU" time="201.871">
  <properties/>
  <testcase name="test01()" classname="MyTest" time="201.871"/>
  <system-out><![CDATA[class java.lang.String
]]></system-out>
  <system-err><![CDATA[]]></system-err>
</testsuite>
