<?xml version="1.0" encoding="UTF-8"?>
<testsuite name="MyTest" tests="1" skipped="0" failures="0" errors="0" timestamp="2023-03-07T06:44:17" hostname="5I5J-HANYU" time="0.111">
  <properties/>
  <testcase name="test01()" classname="MyTest" time="0.111"/>
  <system-out><![CDATA[[0.1292367519559695, 0.2038941754845427, 0.48015855721873324, 0.8486168169774195, 0.7890022068001293, 0.8087330251199925, 0.7082335028766212, 0.05491654569065907, 0.007542475683166239, 0.6873812984818967]
]]></system-out>
  <system-err><![CDATA[]]></system-err>
</testsuite>
