<?xml version="1.0" encoding="UTF-8"?>
<testsuite name="MyTest" tests="1" skipped="0" failures="0" errors="0" timestamp="2023-03-16T07:07:00" hostname="5I5J-HANYU" time="0.032">
  <properties/>
  <testcase name="test01()" classname="MyTest" time="0.032"/>
  <system-out><![CDATA[1
]]></system-out>
  <system-err><![CDATA[]]></system-err>
</testsuite>
